<?xml version="1.0" encoding="utf-8"?><testsuites name="pytest tests"><testsuite name="pytest" errors="0" failures="0" skipped="0" tests="18" time="38.040" timestamp="2026-06-12T14:34:31.037386+00:00" hostname="agent-env-d08a962b-07ce-4e60-88b3-4e64706a420b"><testcase classname="backend.tests.backend_test" name="test_root" time="0.275" /><testcase classname="backend.tests.backend_test" name="test_teams_list" time="0.046" /><testcase classname="backend.tests.backend_test" name="test_team_detail_arg" time="0.045" /><testcase classname="backend.tests.backend_test" name="test_team_not_found" time="0.061" /><testcase classname="backend.tests.backend_test" name="test_matches_list" time="0.049" /><testcase classname="backend.tests.backend_test" name="test_matches_next_live" time="0.045" /><testcase classname="backend.tests.backend_test" name="test_match_m6_live" time="0.048" /><testcase classname="backend.tests.backend_test" name="test_stadiums_list" time="0.051" /><testcase classname="backend.tests.backend_test" name="test_stadium_detail" time="0.046" /><testcase classname="backend.tests.backend_test" name="test_top_scorers" time="0.048" /><testcase classname="backend.tests.backend_test" name="test_top_assists" time="0.045" /><testcase classname="backend.tests.backend_test" name="test_stats_overview" time="0.046" /><testcase classname="backend.tests.backend_test" name="test_timeline" time="0.051" /><testcase classname="backend.tests.backend_test" name="test_fan_dashboard" time="0.045" /><testcase classname="backend.tests.backend_test" name="test_ai_predict" time="8.267" /><testcase classname="backend.tests.backend_test" name="test_ai_simulate" time="5.480" /><testcase classname="backend.tests.backend_test" name="test_ai_story" time="13.379" /><testcase classname="backend.tests.backend_test" name="test_ai_rivality" time="9.845" /></testsuite></testsuites>